<?xml version="1.0" encoding="UTF-8"?>
<testng-results ignored="0" total="2" passed="1" failed="1" skipped="0">
  <reporter-output>
  </reporter-output>
  <suite started-at="2024-12-21T23:22:54 IST" name="Default suite" finished-at="2024-12-21T23:23:17 IST" duration-ms="22172">
    <groups>
      <group name="cucumber">
        <method signature="AbstractTestNGCucumberTests.runScenario(io.cucumber.testng.PickleWrapper,io.cucumber.testng.FeatureWrapper)[pri:0, instance:stepDefinations.TestRunner@5dda768f]" name="runScenario" class="io.cucumber.testng.AbstractTestNGCucumberTests"/>
      </group> <!-- cucumber -->
    </groups>
    <test started-at="2024-12-21T23:22:54 IST" name="Default test" finished-at="2024-12-21T23:23:17 IST" duration-ms="22172">
      <class name="stepDefinations.TestRunner">
        <test-method is-config="true" signature="setUpClass(org.testng.ITestContext)[pri:0, instance:stepDefinations.TestRunner@5dda768f]" started-at="2024-12-21T23:22:55 IST" name="setUpClass" finished-at="2024-12-21T23:22:55 IST" duration-ms="905" status="PASS">
          <params>
            <param index="0">
              <value>
                <![CDATA[org.testng.TestRunner@459b187a]]>
              </value>
            </param>
          </params>
          <reporter-output>
          </reporter-output>
        </test-method> <!-- setUpClass -->
        <test-method signature="runScenario(io.cucumber.testng.PickleWrapper,io.cucumber.testng.FeatureWrapper)[pri:0, instance:stepDefinations.TestRunner@5dda768f]" started-at="2024-12-21T23:22:55 IST" name="runScenario" description="Runs Cucumber Scenarios" data-provider="scenarios" finished-at="2024-12-21T23:23:06 IST" duration-ms="10771" status="FAIL">
          <params>
            <param index="0">
              <value>
                <![CDATA["Create New Account"]]>
              </value>
            </param>
            <param index="1">
              <value>
                <![CDATA["Create new Account"]]>
              </value>
            </param>
          </params>
          <exception class="java.lang.AssertionError">
            <message>
              <![CDATA[Account Not created expected [true] but found [false]]]>
            </message>
            <full-stacktrace>
              <![CDATA[java.lang.AssertionError: Account Not created expected [true] but found [false]
at org.testng.Assert.fail(Assert.java:111)
at org.testng.Assert.failNotEquals(Assert.java:1578)
at org.testng.Assert.assertTrue(Assert.java:57)
at stepDefinations.CreateNewAccountSteps.user_should_see_a_message_account_created_successfully(CreateNewAccountSteps.java:55)
at âœ½.user should see a message account created successfully(file:///D:/Learning/New%20Workspace/BDDAssignment/src/test/resources/Features/CreateNewAccount.feature:9)
]]>
            </full-stacktrace>
          </exception> <!-- java.lang.AssertionError -->
          <reporter-output>
          </reporter-output>
        </test-method> <!-- runScenario -->
        <test-method signature="runScenario(io.cucumber.testng.PickleWrapper,io.cucumber.testng.FeatureWrapper)[pri:0, instance:stepDefinations.TestRunner@5dda768f]" started-at="2024-12-21T23:23:06 IST" name="runScenario" description="Runs Cucumber Scenarios" data-provider="scenarios" finished-at="2024-12-21T23:23:17 IST" duration-ms="10310" status="PASS">
          <params>
            <param index="0">
              <value>
                <![CDATA["user login to the application"]]>
              </value>
            </param>
            <param index="1">
              <value>
                <![CDATA["user login to the application"]]>
              </value>
            </param>
          </params>
          <reporter-output>
          </reporter-output>
        </test-method> <!-- runScenario -->
        <test-method is-config="true" signature="tearDownClass()[pri:0, instance:stepDefinations.TestRunner@5dda768f]" started-at="2024-12-21T23:23:17 IST" name="tearDownClass" finished-at="2024-12-21T23:23:17 IST" duration-ms="105" status="PASS">
          <reporter-output>
          </reporter-output>
        </test-method> <!-- tearDownClass -->
      </class> <!-- stepDefinations.TestRunner -->
    </test> <!-- Default test -->
  </suite> <!-- Default suite -->
</testng-results>
