<?xml version="1.0" encoding="UTF-8"?>
<!-- Generated by org.testng.reporters.JUnitReportReporter -->
<testsuite hostname="Akshay" failures="1" tests="2" name="stepDefinations.TestRunner" time="32.343" errors="0" timestamp="2024-12-18T23:34:49 IST" skipped="0">
  <testcase classname="stepDefinations.TestRunner" name="runScenario" time="16.032"/>
  <testcase classname="stepDefinations.TestRunner" name="runScenario" time="16.311">
    <failure message="Account Not created expected [true] but found [false]" type="java.lang.AssertionError">
      <![CDATA[java.lang.AssertionError: Account Not created expected [true] but found [false]
at org.testng.Assert.fail(Assert.java:111)
at org.testng.Assert.failNotEquals(Assert.java:1578)
at org.testng.Assert.assertTrue(Assert.java:57)
at stepDefinations.CreateNewAccountSteps.user_should_see_a_message_account_created_successfully(CreateNewAccountSteps.java:56)
at âœ½.user should see a message account created successfully(file:///D:/Learning/New%20Workspace/BDDAssignment/src/test/resources/Features/CreateNewAccount.feature:9)
]]>
    </failure>
  </testcase> <!-- runScenario -->
</testsuite> <!-- stepDefinations.TestRunner -->
